

Started GET "/assets/rails.png" for 127.0.0.1 at 2012-12-10 20:46:17 +0000
Connecting to database specified by database.yml
Served asset /rails.png - 200 OK (6ms)
Connecting to database specified by database.yml
Connecting to database specified by database.yml
Connecting to database specified by database.yml
  [1m[36m (13.1ms)[0m  [1mselect sqlite_version(*)[0m
  [1m[35m (9.5ms)[0m  CREATE TABLE "schema_migrations" ("version" varchar(255) NOT NULL) 
  [1m[36m (3.6ms)[0m  [1mCREATE UNIQUE INDEX "unique_schema_migrations" ON "schema_migrations" ("version")[0m
  [1m[35m (0.1ms)[0m  SELECT "schema_migrations"."version" FROM "schema_migrations" 
Migrating to CreateAnimes (20121210213223)
  [1m[36m (0.1ms)[0m  [1mbegin transaction[0m
  [1m[35m (0.5ms)[0m  CREATE TABLE "animes" ("id" INTEGER PRIMARY KEY AUTOINCREMENT NOT NULL, "title" varchar(255), "type" varchar(255), "eps" varchar(255), "finished" boolean, "created_at" datetime NOT NULL, "updated_at" datetime NOT NULL) 
  [1m[36m (0.1ms)[0m  [1mINSERT INTO "schema_migrations" ("version") VALUES ('20121210213223')[0m
  [1m[35m (2.1ms)[0m  commit transaction
Migrating to AddAttachmentCoverToAnimes (20121210213442)
  [1m[36m (0.1ms)[0m  [1mbegin transaction[0m
DEPRECATION WARNING: Method `t.has_attached_file` in the migration has been deprecated and will be replaced by `t.attachment`. (called from block in up at /Users/MacFrancis/Projects/rails-ajax-handler/demo/db/migrate/20121210213442_add_attachment_cover_to_animes.rb:4)
  [1m[35m (0.3ms)[0m  ALTER TABLE "animes" ADD "cover_file_name" varchar(255)
  [1m[36m (0.2ms)[0m  [1mALTER TABLE "animes" ADD "cover_content_type" varchar(255)[0m
  [1m[35m (0.2ms)[0m  ALTER TABLE "animes" ADD "cover_file_size" integer
  [1m[36m (0.2ms)[0m  [1mALTER TABLE "animes" ADD "cover_updated_at" datetime[0m
  [1m[35m (0.1ms)[0m  INSERT INTO "schema_migrations" ("version") VALUES ('20121210213442')
  [1m[36m (1.7ms)[0m  [1mcommit transaction[0m
  [1m[35m (0.1ms)[0m  SELECT "schema_migrations"."version" FROM "schema_migrations" 


Started GET "/" for 127.0.0.1 at 2012-12-10 21:38:50 +0000
Connecting to database specified by database.yml
Processing by HomeController#index as HTML
Completed 500 Internal Server Error in 2ms

NoMethodError (undefined method `repond_to' for #<HomeController:0x007f87e9afa0c8>):
  app/controllers/home_controller.rb:4:in `index'


  Rendered /Users/MacFrancis/.rvm/gems/ruby-1.9.3-p194@rails-ajax-handler/gems/actionpack-3.2.9/lib/action_dispatch/middleware/templates/rescues/_trace.erb (1.8ms)
  Rendered /Users/MacFrancis/.rvm/gems/ruby-1.9.3-p194@rails-ajax-handler/gems/actionpack-3.2.9/lib/action_dispatch/middleware/templates/rescues/_request_and_response.erb (1.3ms)
  Rendered /Users/MacFrancis/.rvm/gems/ruby-1.9.3-p194@rails-ajax-handler/gems/actionpack-3.2.9/lib/action_dispatch/middleware/templates/rescues/diagnostics.erb within rescues/layout (14.4ms)


Started GET "/" for 127.0.0.1 at 2012-12-10 21:39:04 +0000
Processing by HomeController#index as HTML
  Rendered home/index.html.erb within layouts/application (0.4ms)
Compiled animes.css  (8ms)  (pid 2580)
Compiled scaffolds.css  (19ms)  (pid 2580)
Compiled application.css  (73ms)  (pid 2580)
Compiled jquery.js  (2ms)  (pid 2580)
Compiled jquery_ujs.js  (0ms)  (pid 2580)
Compiled animes.js  (201ms)  (pid 2580)
Compiled application.js  (307ms)  (pid 2580)
Completed 200 OK in 530ms (Views: 529.2ms | ActiveRecord: 0.0ms)


Started GET "/assets/scaffolds.css?body=1" for 127.0.0.1 at 2012-12-10 21:39:04 +0000
Served asset /scaffolds.css - 200 OK (2ms)


Started GET "/assets/animes.css?body=1" for 127.0.0.1 at 2012-12-10 21:39:04 +0000
Served asset /animes.css - 200 OK (2ms)


Started GET "/assets/jquery_ujs.js?body=1" for 127.0.0.1 at 2012-12-10 21:39:04 +0000
Served asset /jquery_ujs.js - 304 Not Modified (2ms)


Started GET "/assets/application.css?body=1" for 127.0.0.1 at 2012-12-10 21:39:04 +0000
Served asset /application.css - 200 OK (4ms)


Started GET "/assets/animes.js?body=1" for 127.0.0.1 at 2012-12-10 21:39:04 +0000
Served asset /animes.js - 200 OK (3ms)


Started GET "/assets/application.js?body=1" for 127.0.0.1 at 2012-12-10 21:39:04 +0000
Served asset /application.js - 304 Not Modified (35ms)


Started GET "/assets/jquery.js?body=1" for 127.0.0.1 at 2012-12-10 21:39:04 +0000
Served asset /jquery.js - 304 Not Modified (2ms)
